<?xml version="1.0" encoding="UTF-8"?>
<testng-results ignored="0" total="1" passed="1" failed="0" skipped="0">
  <reporter-output>
  </reporter-output>
  <suite started-at="2022-07-13T16:53:37Z" name="Parallel" finished-at="2022-07-13T16:53:57Z" duration-ms="19859">
    <groups>
    </groups>
    <test started-at="2022-07-13T16:53:37Z" name="SingleTestChrome" finished-at="2022-07-13T16:53:57Z" duration-ms="19859">
      <class name="com.ladbrokes.BrowserStackTest">
        <test-method is-config="true" signature="setUp(java.lang.String, java.lang.String, org.testng.ITestContext)[pri:0, instance:com.ladbrokes.BrowserStackTest@8b87145]" started-at="2022-07-13T22:23:37Z" name="setUp" finished-at="2022-07-13T22:23:47Z" duration-ms="10643" status="PASS">
          <params>
            <param index="0">
              <value>
                <![CDATA[parallel.conf.json]]>
              </value>
            </param>
            <param index="1">
              <value>
                <![CDATA[chrome]]>
              </value>
            </param>
            <param index="2">
              <value>
                <![CDATA[org.testng.TestRunner@295807b3]]>
              </value>
            </param>
          </params>
          <reporter-output>
          </reporter-output>
        </test-method> <!-- setUp -->
        <test-method signature="ivy(org.testng.ITestContext)[pri:0, instance:com.ladbrokes.BrowserStackTest@8b87145]" started-at="2022-07-13T22:23:47Z" name="ivy" description="Launch sports.ladbrokes.com" finished-at="2022-07-13T22:23:55Z" duration-ms="7635" status="PASS">
          <params>
            <param index="0">
              <value>
                <![CDATA[org.testng.TestRunner@295807b3]]>
              </value>
            </param>
          </params>
          <reporter-output>
          </reporter-output>
        </test-method> <!-- ivy -->
        <test-method is-config="true" signature="tearDown()[pri:0, instance:com.ladbrokes.BrowserStackTest@8b87145]" started-at="2022-07-13T22:23:55Z" name="tearDown" finished-at="2022-07-13T22:23:57Z" duration-ms="1412" status="PASS">
          <reporter-output>
          </reporter-output>
        </test-method> <!-- tearDown -->
      </class> <!-- com.ladbrokes.BrowserStackTest -->
    </test> <!-- SingleTestChrome -->
  </suite> <!-- Parallel -->
</testng-results>
